Chronologic VCS simulator copyright 1991-2020
Contains Synopsys proprietary information.
Compiler version R-2020.12-SP2-1_Full64; Runtime version R-2020.12-SP2-1_Full64;  Apr 20 05:16 2024

---- Starting CPU Testbench ----

Using memory file  : programs/alu_add.mem
Using output files : output/alu_add.{cpi, wb, ppln}

                 0 : Asserting Reset
               450 : Loading Unified Memory
              1060 : Deasserting Reset
              1060 : Running Processor
              3020 : Processor Finished

Final memory state and exit status:

@@@ Unified Memory contents hex on left, decimal on right: 
@@@
@@@ mem[    0] = 0020811300100093 : 9149117860151443
@@@ mem[    8] = 0000000010500073 : 273678451
@@@
@@@
@@@ System halted on WFI instruction
@@@

---- Finished CPU Testbench ----

$finish called from file "test/cpu_test.sv", line 297.
$finish at simulation time                 4020
           V C S   S i m u l a t i o n   R e p o r t 
Time: 402000 ps
CPU Time:      0.270 seconds;       Data structure size:   0.1Mb
Sat Apr 20 05:16:42 2024
