Chronologic VCS simulator copyright 1991-2020
Contains Synopsys proprietary information.
Compiler version R-2020.12-SP2-1_Full64; Runtime version R-2020.12-SP2-1_Full64;  Apr 12 21:47 2024

---- Starting CPU Testbench ----

Using memory file  : programs/no_hazard.mem
Using output files : output/no_hazard.{cpi, wb, ppln}

                 0 : Asserting Reset
               450 : Loading Unified Memory
              1060 : Deasserting Reset
              1060 : Running Processor
             21920 : Processor Finished

Final memory state and exit status:

@@@ Unified Memory contents hex on left, decimal on right: 
@@@
@@@ mem[    0] = 0020011300100093 : 9008380371796115
@@@ mem[    8] = 0040021300800193 : 18016679145505171
@@@ mem[   16] = 0000001300506293 : 81609646739
@@@ mem[   24] = 002081b300000013 : 9149805053870099
@@@ mem[   32] = 0000001300000013 : 81604378643
@@@ mem[   40] = 0000001300000013 : 81604378643
@@@ mem[   48] = 1050007306302223 : 1175439996768756259
@@@
@@@ mem[   96] = 0000000300000000 : 12884901888
@@@
@@@
@@@ System halted on WFI instruction
@@@

---- Finished CPU Testbench ----

$finish called from file "test/cpu_test.sv", line 297.
$finish at simulation time                22920
           V C S   S i m u l a t i o n   R e p o r t 
Time: 2292000 ps
CPU Time:      0.250 seconds;       Data structure size:   0.1Mb
Fri Apr 12 21:47:54 2024
